<?xml version="1.0" encoding="UTF-8"?>
<!-- Generated by org.testng.reporters.JUnitXMLReporter -->
<testsuite ignored="0" hostname="STS-2479" failures="0" tests="3" name="SubmitOrder" time="31.738" errors="0" timestamp="2025-09-16T07:25:35 IST">
  <testcase classname="EcommerceTest.tests.SubmitOrderTest" name="SubmitOrder" time="14.972"/>
  <testcase classname="EcommerceTest.tests.SubmitOrderTest" name="SubmitOrder" time="6.973"/>
  <testcase classname="EcommerceTest.tests.SubmitOrderTest" name="OrderHistoryTest" time="1.032"/>
</testsuite> <!-- SubmitOrder -->
